SF:lib\b4rttable.dart
DA:11,2
DA:13,1
DA:14,2
DA:15,2
DA:16,3
DA:21,1
DA:23,1
DA:24,2
DA:25,0
DA:28,2
DA:29,2
DA:30,3
DA:31,1
DA:33,1
DA:34,2
DA:35,3
DA:42,3
DA:44,9
DA:46,3
DA:47,3
DA:48,3
DA:52,0
DA:53,0
DA:54,0
DA:56,0
DA:57,0
DA:58,0
DA:60,0
DA:61,0
DA:62,0
DA:63,0
DA:64,0
DA:65,0
DA:67,0
DA:68,0
DA:69,0
DA:71,0
DA:72,0
DA:73,0
DA:75,0
DA:76,0
DA:77,0
DA:78,0
DA:79,0
DA:81,0
DA:83,0
DA:84,0
DA:85,0
DA:86,0
DA:87,0
DA:97,0
DA:103,0
DA:104,0
DA:105,0
DA:106,0
DA:107,0
DA:109,0
DA:112,0
DA:113,0
DA:114,0
DA:115,0
DA:116,0
DA:117,0
DA:118,0
DA:119,0
DA:120,0
DA:130,0
DA:132,0
DA:133,0
DA:135,0
DA:136,0
DA:138,0
DA:139,0
LF:73
LH:20
end_of_record
